<?xml version="1.0" encoding="UTF-8"?>
<!-- Generated by org.testng.reporters.JUnitReportReporter -->
<testsuite hostname="LAPTOP-VLPS9VUP" failures="0" tests="3" name="com.qa.runner.TestRunner" time="0.096" errors="0" timestamp="09 Nov 2020 17:57:13 GMT" skipped="0">
  <testcase classname="com.qa.runner.TestRunner" name="feature" time="0.046"/>
  <testcase classname="com.qa.runner.TestRunner" name="feature" time="0.026"/>
  <testcase classname="com.qa.runner.TestRunner" name="feature" time="0.024"/>
</testsuite> <!-- com.qa.runner.TestRunner -->
